192.168.1.39 - - [08/May/2022:22:52:28 +0200] "GET / HTTP/1.1" 200 487 "-" "Mozilla/5.0 (Windows NT 10.0; Win64; x64) AppleWebKit/537.36 (KHTML, like Gecko) Chrome/101.0.4951.54 Safari/537.36"
192.168.1.39 - - [08/May/2022:22:52:30 +0200] "GET / HTTP/1.1" 200 486 "-" "Mozilla/5.0 (Windows NT 10.0; Win64; x64) AppleWebKit/537.36 (KHTML, like Gecko) Chrome/101.0.4951.54 Safari/537.36"
192.168.1.39 - - [08/May/2022:22:52:31 +0200] "GET / HTTP/1.1" 200 486 "-" "Mozilla/5.0 (Windows NT 10.0; Win64; x64) AppleWebKit/537.36 (KHTML, like Gecko) Chrome/101.0.4951.54 Safari/537.36"
192.168.1.39 - - [08/May/2022:22:52:55 +0200] "GET / HTTP/1.1" 200 487 "-" "Mozilla/5.0 (Windows NT 10.0; Win64; x64) AppleWebKit/537.36 (KHTML, like Gecko) Chrome/101.0.4951.54 Safari/537.36"
192.168.1.39 - - [08/May/2022:22:53:47 +0200] "-" 408 0 "-" "-"
192.168.1.39 - - [08/May/2022:22:55:17 +0200] "GET / HTTP/1.1" 200 489 "-" "Mozilla/5.0 (Windows NT 10.0; Win64; x64) AppleWebKit/537.36 (KHTML, like Gecko) Chrome/101.0.4951.54 Safari/537.36"
192.168.1.39 - - [08/May/2022:22:57:58 +0200] "GET / HTTP/1.1" 200 489 "-" "Mozilla/5.0 (Windows NT 10.0; Win64; x64) AppleWebKit/537.36 (KHTML, like Gecko) Chrome/101.0.4951.54 Safari/537.36"
192.168.1.39 - - [08/May/2022:22:57:59 +0200] "GET / HTTP/1.1" 200 488 "-" "Mozilla/5.0 (Windows NT 10.0; Win64; x64) AppleWebKit/537.36 (KHTML, like Gecko) Chrome/101.0.4951.54 Safari/537.36"
192.168.1.39 - - [08/May/2022:22:58:49 +0200] "-" 408 0 "-" "-"
192.168.1.39 - - [08/May/2022:22:58:54 +0200] "GET / HTTP/1.1" 200 489 "-" "Mozilla/5.0 (Windows NT 10.0; Win64; x64) AppleWebKit/537.36 (KHTML, like Gecko) Chrome/101.0.4951.54 Safari/537.36"
192.168.1.39 - - [08/May/2022:22:59:45 +0200] "-" 408 0 "-" "-"
192.168.1.39 - - [08/May/2022:23:00:46 +0200] "-" 408 0 "-" "-"
::1 - - [08/May/2022:23:16:00 +0200] "OPTIONS * HTTP/1.0" 200 126 "-" "Apache/2.4.48 (Ubuntu) (internal dummy connection)"
::1 - - [08/May/2022:23:16:01 +0200] "OPTIONS * HTTP/1.0" 200 126 "-" "Apache/2.4.48 (Ubuntu) (internal dummy connection)"
::1 - - [08/May/2022:23:20:50 +0200] "OPTIONS * HTTP/1.0" 200 126 "-" "Apache/2.4.48 (Ubuntu) (internal dummy connection)"
::1 - - [08/May/2022:23:24:11 +0200] "OPTIONS * HTTP/1.0" 200 126 "-" "Apache/2.4.48 (Ubuntu) (internal dummy connection)"
::1 - - [08/May/2022:23:24:12 +0200] "OPTIONS * HTTP/1.0" 200 126 "-" "Apache/2.4.48 (Ubuntu) (internal dummy connection)"
::1 - - [09/May/2022:00:12:40 +0200] "OPTIONS * HTTP/1.0" 200 126 "-" "Apache/2.4.48 (Ubuntu) (internal dummy connection)"
::1 - - [09/May/2022:00:14:50 +0200] "OPTIONS * HTTP/1.0" 200 126 "-" "Apache/2.4.48 (Ubuntu) OpenSSL/1.1.1l (internal dummy connection)"
::1 - - [09/May/2022:00:14:51 +0200] "OPTIONS * HTTP/1.0" 200 126 "-" "Apache/2.4.48 (Ubuntu) OpenSSL/1.1.1l (internal dummy connection)"
::1 - - [09/May/2022:00:14:52 +0200] "OPTIONS * HTTP/1.0" 200 126 "-" "Apache/2.4.48 (Ubuntu) OpenSSL/1.1.1l (internal dummy connection)"
::1 - - [09/May/2022:00:14:53 +0200] "OPTIONS * HTTP/1.0" 200 126 "-" "Apache/2.4.48 (Ubuntu) OpenSSL/1.1.1l (internal dummy connection)"
::1 - - [09/May/2022:00:14:54 +0200] "OPTIONS * HTTP/1.0" 200 126 "-" "Apache/2.4.48 (Ubuntu) OpenSSL/1.1.1l (internal dummy connection)"
::1 - - [09/May/2022:00:14:55 +0200] "OPTIONS * HTTP/1.0" 200 126 "-" "Apache/2.4.48 (Ubuntu) OpenSSL/1.1.1l (internal dummy connection)"
::1 - - [09/May/2022:00:24:50 +0200] "OPTIONS * HTTP/1.0" 200 126 "-" "Apache/2.4.48 (Ubuntu) OpenSSL/1.1.1l (internal dummy connection)"
::1 - - [09/May/2022:00:29:40 +0200] "OPTIONS * HTTP/1.0" 200 126 "-" "Apache/2.4.48 (Ubuntu) OpenSSL/1.1.1l (internal dummy connection)"
::1 - - [09/May/2022:00:29:41 +0200] "OPTIONS * HTTP/1.0" 200 126 "-" "Apache/2.4.48 (Ubuntu) OpenSSL/1.1.1l (internal dummy connection)"
::1 - - [09/May/2022:00:29:54 +0200] "OPTIONS * HTTP/1.0" 200 126 "-" "Apache/2.4.48 (Ubuntu) OpenSSL/1.1.1l (internal dummy connection)"
::1 - - [09/May/2022:01:20:04 +0200] "OPTIONS * HTTP/1.0" 200 126 "-" "Apache/2.4.48 (Ubuntu) OpenSSL/1.1.1l (internal dummy connection)"
::1 - - [09/May/2022:01:20:05 +0200] "OPTIONS * HTTP/1.0" 200 126 "-" "Apache/2.4.48 (Ubuntu) OpenSSL/1.1.1l (internal dummy connection)"
::1 - - [09/May/2022:06:56:03 +0200] "OPTIONS * HTTP/1.0" 200 126 "-" "Apache/2.4.48 (Ubuntu) OpenSSL/1.1.1l (internal dummy connection)"
::1 - - [09/May/2022:12:18:09 +0200] "OPTIONS * HTTP/1.0" 200 126 "-" "Apache/2.4.48 (Ubuntu) OpenSSL/1.1.1l (internal dummy connection)"
::1 - - [09/May/2022:23:01:02 +0200] "OPTIONS * HTTP/1.0" 200 126 "-" "Apache/2.4.48 (Ubuntu) OpenSSL/1.1.1l (internal dummy connection)"
::1 - - [10/May/2022:19:42:34 +0200] "OPTIONS * HTTP/1.0" 200 126 "-" "Apache/2.4.48 (Ubuntu) OpenSSL/1.1.1l (internal dummy connection)"
::1 - - [11/May/2022:00:53:40 +0200] "OPTIONS * HTTP/1.0" 200 126 "-" "Apache/2.4.48 (Ubuntu) OpenSSL/1.1.1l (internal dummy connection)"
::1 - - [11/May/2022:00:53:41 +0200] "OPTIONS * HTTP/1.0" 200 126 "-" "Apache/2.4.48 (Ubuntu) OpenSSL/1.1.1l (internal dummy connection)"
::1 - - [11/May/2022:00:53:42 +0200] "OPTIONS * HTTP/1.0" 200 126 "-" "Apache/2.4.48 (Ubuntu) OpenSSL/1.1.1l (internal dummy connection)"
::1 - - [11/May/2022:00:53:43 +0200] "OPTIONS * HTTP/1.0" 200 126 "-" "Apache/2.4.48 (Ubuntu) OpenSSL/1.1.1l (internal dummy connection)"
::1 - - [11/May/2022:00:53:44 +0200] "OPTIONS * HTTP/1.0" 200 126 "-" "Apache/2.4.48 (Ubuntu) OpenSSL/1.1.1l (internal dummy connection)"
::1 - - [11/May/2022:00:53:45 +0200] "OPTIONS * HTTP/1.0" 200 126 "-" "Apache/2.4.48 (Ubuntu) OpenSSL/1.1.1l (internal dummy connection)"
::1 - - [11/May/2022:00:53:46 +0200] "OPTIONS * HTTP/1.0" 200 126 "-" "Apache/2.4.48 (Ubuntu) OpenSSL/1.1.1l (internal dummy connection)"
::1 - - [11/May/2022:00:53:47 +0200] "OPTIONS * HTTP/1.0" 200 126 "-" "Apache/2.4.48 (Ubuntu) OpenSSL/1.1.1l (internal dummy connection)"
::1 - - [11/May/2022:00:53:48 +0200] "OPTIONS * HTTP/1.0" 200 126 "-" "Apache/2.4.48 (Ubuntu) OpenSSL/1.1.1l (internal dummy connection)"
::1 - - [11/May/2022:00:53:49 +0200] "OPTIONS * HTTP/1.0" 200 126 "-" "Apache/2.4.48 (Ubuntu) OpenSSL/1.1.1l (internal dummy connection)"
::1 - - [11/May/2022:00:53:50 +0200] "OPTIONS * HTTP/1.0" 200 126 "-" "Apache/2.4.48 (Ubuntu) OpenSSL/1.1.1l (internal dummy connection)"
::1 - - [11/May/2022:00:53:51 +0200] "OPTIONS * HTTP/1.0" 200 126 "-" "Apache/2.4.48 (Ubuntu) OpenSSL/1.1.1l (internal dummy connection)"
::1 - - [11/May/2022:00:53:52 +0200] "OPTIONS * HTTP/1.0" 200 126 "-" "Apache/2.4.48 (Ubuntu) OpenSSL/1.1.1l (internal dummy connection)"
::1 - - [11/May/2022:00:53:53 +0200] "OPTIONS * HTTP/1.0" 200 126 "-" "Apache/2.4.48 (Ubuntu) OpenSSL/1.1.1l (internal dummy connection)"
::1 - - [11/May/2022:00:53:54 +0200] "OPTIONS * HTTP/1.0" 200 126 "-" "Apache/2.4.48 (Ubuntu) OpenSSL/1.1.1l (internal dummy connection)"
::1 - - [11/May/2022:00:53:55 +0200] "OPTIONS * HTTP/1.0" 200 126 "-" "Apache/2.4.48 (Ubuntu) OpenSSL/1.1.1l (internal dummy connection)"
::1 - - [11/May/2022:00:53:56 +0200] "OPTIONS * HTTP/1.0" 200 126 "-" "Apache/2.4.48 (Ubuntu) OpenSSL/1.1.1l (internal dummy connection)"
::1 - - [11/May/2022:00:53:57 +0200] "OPTIONS * HTTP/1.0" 200 126 "-" "Apache/2.4.48 (Ubuntu) OpenSSL/1.1.1l (internal dummy connection)"
::1 - - [11/May/2022:00:53:58 +0200] "OPTIONS * HTTP/1.0" 200 126 "-" "Apache/2.4.48 (Ubuntu) OpenSSL/1.1.1l (internal dummy connection)"
::1 - - [11/May/2022:00:53:59 +0200] "OPTIONS * HTTP/1.0" 200 126 "-" "Apache/2.4.48 (Ubuntu) OpenSSL/1.1.1l (internal dummy connection)"
::1 - - [11/May/2022:00:54:00 +0200] "OPTIONS * HTTP/1.0" 200 126 "-" "Apache/2.4.48 (Ubuntu) OpenSSL/1.1.1l (internal dummy connection)"
::1 - - [11/May/2022:00:54:01 +0200] "OPTIONS * HTTP/1.0" 200 126 "-" "Apache/2.4.48 (Ubuntu) OpenSSL/1.1.1l (internal dummy connection)"
::1 - - [11/May/2022:00:54:02 +0200] "OPTIONS * HTTP/1.0" 200 126 "-" "Apache/2.4.48 (Ubuntu) OpenSSL/1.1.1l (internal dummy connection)"
::1 - - [11/May/2022:00:54:03 +0200] "OPTIONS * HTTP/1.0" 200 126 "-" "Apache/2.4.48 (Ubuntu) OpenSSL/1.1.1l (internal dummy connection)"
::1 - - [11/May/2022:00:54:04 +0200] "OPTIONS * HTTP/1.0" 200 126 "-" "Apache/2.4.48 (Ubuntu) OpenSSL/1.1.1l (internal dummy connection)"
::1 - - [11/May/2022:00:54:05 +0200] "OPTIONS * HTTP/1.0" 200 126 "-" "Apache/2.4.48 (Ubuntu) OpenSSL/1.1.1l (internal dummy connection)"
::1 - - [11/May/2022:00:54:06 +0200] "OPTIONS * HTTP/1.0" 200 126 "-" "Apache/2.4.48 (Ubuntu) OpenSSL/1.1.1l (internal dummy connection)"
::1 - - [11/May/2022:00:54:07 +0200] "OPTIONS * HTTP/1.0" 200 126 "-" "Apache/2.4.48 (Ubuntu) OpenSSL/1.1.1l (internal dummy connection)"
::1 - - [11/May/2022:00:54:08 +0200] "OPTIONS * HTTP/1.0" 200 126 "-" "Apache/2.4.48 (Ubuntu) OpenSSL/1.1.1l (internal dummy connection)"
::1 - - [11/May/2022:00:54:09 +0200] "OPTIONS * HTTP/1.0" 200 126 "-" "Apache/2.4.48 (Ubuntu) OpenSSL/1.1.1l (internal dummy connection)"
::1 - - [11/May/2022:00:54:10 +0200] "OPTIONS * HTTP/1.0" 200 126 "-" "Apache/2.4.48 (Ubuntu) OpenSSL/1.1.1l (internal dummy connection)"
::1 - - [11/May/2022:00:54:11 +0200] "OPTIONS * HTTP/1.0" 200 126 "-" "Apache/2.4.48 (Ubuntu) OpenSSL/1.1.1l (internal dummy connection)"
::1 - - [11/May/2022:00:54:12 +0200] "OPTIONS * HTTP/1.0" 200 126 "-" "Apache/2.4.48 (Ubuntu) OpenSSL/1.1.1l (internal dummy connection)"
::1 - - [11/May/2022:00:54:13 +0200] "OPTIONS * HTTP/1.0" 200 126 "-" "Apache/2.4.48 (Ubuntu) OpenSSL/1.1.1l (internal dummy connection)"
::1 - - [11/May/2022:00:54:14 +0200] "OPTIONS * HTTP/1.0" 200 126 "-" "Apache/2.4.48 (Ubuntu) OpenSSL/1.1.1l (internal dummy connection)"
::1 - - [11/May/2022:00:54:15 +0200] "OPTIONS * HTTP/1.0" 200 126 "-" "Apache/2.4.48 (Ubuntu) OpenSSL/1.1.1l (internal dummy connection)"
::1 - - [11/May/2022:00:54:16 +0200] "OPTIONS * HTTP/1.0" 200 126 "-" "Apache/2.4.48 (Ubuntu) OpenSSL/1.1.1l (internal dummy connection)"
::1 - - [11/May/2022:00:54:17 +0200] "OPTIONS * HTTP/1.0" 200 126 "-" "Apache/2.4.48 (Ubuntu) OpenSSL/1.1.1l (internal dummy connection)"
::1 - - [11/May/2022:00:54:18 +0200] "OPTIONS * HTTP/1.0" 200 126 "-" "Apache/2.4.48 (Ubuntu) OpenSSL/1.1.1l (internal dummy connection)"
::1 - - [11/May/2022:00:54:19 +0200] "OPTIONS * HTTP/1.0" 200 126 "-" "Apache/2.4.48 (Ubuntu) OpenSSL/1.1.1l (internal dummy connection)"
::1 - - [11/May/2022:00:54:20 +0200] "OPTIONS * HTTP/1.0" 200 126 "-" "Apache/2.4.48 (Ubuntu) OpenSSL/1.1.1l (internal dummy connection)"
::1 - - [11/May/2022:00:54:21 +0200] "OPTIONS * HTTP/1.0" 200 126 "-" "Apache/2.4.48 (Ubuntu) OpenSSL/1.1.1l (internal dummy connection)"
::1 - - [11/May/2022:00:54:22 +0200] "OPTIONS * HTTP/1.0" 200 126 "-" "Apache/2.4.48 (Ubuntu) OpenSSL/1.1.1l (internal dummy connection)"
::1 - - [11/May/2022:00:54:23 +0200] "OPTIONS * HTTP/1.0" 200 126 "-" "Apache/2.4.48 (Ubuntu) OpenSSL/1.1.1l (internal dummy connection)"
::1 - - [11/May/2022:00:54:24 +0200] "OPTIONS * HTTP/1.0" 200 126 "-" "Apache/2.4.48 (Ubuntu) OpenSSL/1.1.1l (internal dummy connection)"
::1 - - [11/May/2022:00:54:25 +0200] "OPTIONS * HTTP/1.0" 200 126 "-" "Apache/2.4.48 (Ubuntu) OpenSSL/1.1.1l (internal dummy connection)"
::1 - - [11/May/2022:00:54:26 +0200] "OPTIONS * HTTP/1.0" 200 126 "-" "Apache/2.4.48 (Ubuntu) OpenSSL/1.1.1l (internal dummy connection)"
::1 - - [11/May/2022:00:54:27 +0200] "OPTIONS * HTTP/1.0" 200 126 "-" "Apache/2.4.48 (Ubuntu) OpenSSL/1.1.1l (internal dummy connection)"
::1 - - [11/May/2022:00:54:28 +0200] "OPTIONS * HTTP/1.0" 200 126 "-" "Apache/2.4.48 (Ubuntu) OpenSSL/1.1.1l (internal dummy connection)"
::1 - - [11/May/2022:00:54:29 +0200] "OPTIONS * HTTP/1.0" 200 126 "-" "Apache/2.4.48 (Ubuntu) OpenSSL/1.1.1l (internal dummy connection)"
::1 - - [11/May/2022:00:54:30 +0200] "OPTIONS * HTTP/1.0" 200 126 "-" "Apache/2.4.48 (Ubuntu) OpenSSL/1.1.1l (internal dummy connection)"
::1 - - [11/May/2022:00:54:31 +0200] "OPTIONS * HTTP/1.0" 200 126 "-" "Apache/2.4.48 (Ubuntu) OpenSSL/1.1.1l (internal dummy connection)"
::1 - - [11/May/2022:00:54:32 +0200] "OPTIONS * HTTP/1.0" 200 126 "-" "Apache/2.4.48 (Ubuntu) OpenSSL/1.1.1l (internal dummy connection)"
::1 - - [11/May/2022:00:54:33 +0200] "OPTIONS * HTTP/1.0" 200 126 "-" "Apache/2.4.48 (Ubuntu) OpenSSL/1.1.1l (internal dummy connection)"
::1 - - [11/May/2022:00:54:34 +0200] "OPTIONS * HTTP/1.0" 200 126 "-" "Apache/2.4.48 (Ubuntu) OpenSSL/1.1.1l (internal dummy connection)"
::1 - - [11/May/2022:00:54:35 +0200] "OPTIONS * HTTP/1.0" 200 126 "-" "Apache/2.4.48 (Ubuntu) OpenSSL/1.1.1l (internal dummy connection)"
::1 - - [11/May/2022:00:54:36 +0200] "OPTIONS * HTTP/1.0" 200 126 "-" "Apache/2.4.48 (Ubuntu) OpenSSL/1.1.1l (internal dummy connection)"
::1 - - [11/May/2022:00:54:37 +0200] "OPTIONS * HTTP/1.0" 200 126 "-" "Apache/2.4.48 (Ubuntu) OpenSSL/1.1.1l (internal dummy connection)"
::1 - - [11/May/2022:00:54:38 +0200] "OPTIONS * HTTP/1.0" 200 126 "-" "Apache/2.4.48 (Ubuntu) OpenSSL/1.1.1l (internal dummy connection)"
::1 - - [11/May/2022:00:54:39 +0200] "OPTIONS * HTTP/1.0" 200 126 "-" "Apache/2.4.48 (Ubuntu) OpenSSL/1.1.1l (internal dummy connection)"
::1 - - [11/May/2022:00:54:40 +0200] "OPTIONS * HTTP/1.0" 200 126 "-" "Apache/2.4.48 (Ubuntu) OpenSSL/1.1.1l (internal dummy connection)"
::1 - - [11/May/2022:00:54:41 +0200] "OPTIONS * HTTP/1.0" 200 126 "-" "Apache/2.4.48 (Ubuntu) OpenSSL/1.1.1l (internal dummy connection)"
::1 - - [11/May/2022:00:54:42 +0200] "OPTIONS * HTTP/1.0" 200 126 "-" "Apache/2.4.48 (Ubuntu) OpenSSL/1.1.1l (internal dummy connection)"
::1 - - [11/May/2022:00:54:43 +0200] "OPTIONS * HTTP/1.0" 200 126 "-" "Apache/2.4.48 (Ubuntu) OpenSSL/1.1.1l (internal dummy connection)"
::1 - - [11/May/2022:00:54:44 +0200] "OPTIONS * HTTP/1.0" 200 126 "-" "Apache/2.4.48 (Ubuntu) OpenSSL/1.1.1l (internal dummy connection)"
::1 - - [11/May/2022:00:54:45 +0200] "OPTIONS * HTTP/1.0" 200 126 "-" "Apache/2.4.48 (Ubuntu) OpenSSL/1.1.1l (internal dummy connection)"
::1 - - [11/May/2022:00:54:46 +0200] "OPTIONS * HTTP/1.0" 200 126 "-" "Apache/2.4.48 (Ubuntu) OpenSSL/1.1.1l (internal dummy connection)"
::1 - - [11/May/2022:00:56:20 +0200] "OPTIONS * HTTP/1.0" 200 126 "-" "Apache/2.4.48 (Ubuntu) OpenSSL/1.1.1l (internal dummy connection)"
::1 - - [11/May/2022:07:52:49 +0200] "OPTIONS * HTTP/1.0" 200 126 "-" "Apache/2.4.48 (Ubuntu) OpenSSL/1.1.1l (internal dummy connection)"
::1 - - [11/May/2022:20:26:58 +0200] "OPTIONS * HTTP/1.0" 200 126 "-" "Apache/2.4.48 (Ubuntu) OpenSSL/1.1.1l (internal dummy connection)"
::1 - - [12/May/2022:00:20:45 +0200] "OPTIONS * HTTP/1.0" 200 126 "-" "Apache/2.4.48 (Ubuntu) OpenSSL/1.1.1l (internal dummy connection)"
::1 - - [12/May/2022:03:15:37 +0200] "OPTIONS * HTTP/1.0" 200 126 "-" "Apache/2.4.48 (Ubuntu) OpenSSL/1.1.1l (internal dummy connection)"
::1 - - [12/May/2022:20:04:51 +0200] "OPTIONS * HTTP/1.0" 200 126 "-" "Apache/2.4.48 (Ubuntu) OpenSSL/1.1.1l (internal dummy connection)"
::1 - - [12/May/2022:20:04:54 +0200] "OPTIONS * HTTP/1.0" 200 126 "-" "Apache/2.4.48 (Ubuntu) OpenSSL/1.1.1l (internal dummy connection)"
::1 - - [13/May/2022:02:13:10 +0200] "OPTIONS * HTTP/1.0" 200 126 "-" "Apache/2.4.48 (Ubuntu) OpenSSL/1.1.1l (internal dummy connection)"
::1 - - [13/May/2022:02:48:01 +0200] "OPTIONS * HTTP/1.0" 200 126 "-" "Apache/2.4.48 (Ubuntu) OpenSSL/1.1.1l (internal dummy connection)"
::1 - - [13/May/2022:07:05:36 +0200] "OPTIONS * HTTP/1.0" 200 126 "-" "Apache/2.4.48 (Ubuntu) OpenSSL/1.1.1l (internal dummy connection)"
::1 - - [13/May/2022:13:43:10 +0200] "OPTIONS * HTTP/1.0" 200 126 "-" "Apache/2.4.48 (Ubuntu) OpenSSL/1.1.1l (internal dummy connection)"
::1 - - [13/May/2022:13:43:11 +0200] "OPTIONS * HTTP/1.0" 200 126 "-" "Apache/2.4.48 (Ubuntu) OpenSSL/1.1.1l (internal dummy connection)"
::1 - - [13/May/2022:14:08:20 +0200] "OPTIONS * HTTP/1.0" 200 126 "-" "Apache/2.4.48 (Ubuntu) OpenSSL/1.1.1l (internal dummy connection)"
::1 - - [13/May/2022:14:08:21 +0200] "OPTIONS * HTTP/1.0" 200 126 "-" "Apache/2.4.48 (Ubuntu) OpenSSL/1.1.1l (internal dummy connection)"
::1 - - [13/May/2022:14:08:23 +0200] "OPTIONS * HTTP/1.0" 200 126 "-" "Apache/2.4.48 (Ubuntu) OpenSSL/1.1.1l (internal dummy connection)"
::1 - - [13/May/2022:14:08:27 +0200] "OPTIONS * HTTP/1.0" 200 126 "-" "Apache/2.4.48 (Ubuntu) OpenSSL/1.1.1l (internal dummy connection)"
::1 - - [13/May/2022:14:08:28 +0200] "OPTIONS * HTTP/1.0" 200 126 "-" "Apache/2.4.48 (Ubuntu) OpenSSL/1.1.1l (internal dummy connection)"
::1 - - [13/May/2022:14:08:29 +0200] "OPTIONS * HTTP/1.0" 200 126 "-" "Apache/2.4.48 (Ubuntu) OpenSSL/1.1.1l (internal dummy connection)"
::1 - - [13/May/2022:14:08:30 +0200] "OPTIONS * HTTP/1.0" 200 126 "-" "Apache/2.4.48 (Ubuntu) OpenSSL/1.1.1l (internal dummy connection)"
::1 - - [14/May/2022:03:42:38 +0200] "OPTIONS * HTTP/1.0" 200 126 "-" "Apache/2.4.48 (Ubuntu) OpenSSL/1.1.1l (internal dummy connection)"
::1 - - [14/May/2022:03:42:39 +0200] "OPTIONS * HTTP/1.0" 200 126 "-" "Apache/2.4.48 (Ubuntu) OpenSSL/1.1.1l (internal dummy connection)"
::1 - - [14/May/2022:03:42:40 +0200] "OPTIONS * HTTP/1.0" 200 126 "-" "Apache/2.4.48 (Ubuntu) OpenSSL/1.1.1l (internal dummy connection)"
::1 - - [14/May/2022:03:42:41 +0200] "OPTIONS * HTTP/1.0" 200 126 "-" "Apache/2.4.48 (Ubuntu) OpenSSL/1.1.1l (internal dummy connection)"
::1 - - [14/May/2022:03:42:42 +0200] "OPTIONS * HTTP/1.0" 200 126 "-" "Apache/2.4.48 (Ubuntu) OpenSSL/1.1.1l (internal dummy connection)"
::1 - - [14/May/2022:03:42:43 +0200] "OPTIONS * HTTP/1.0" 200 126 "-" "Apache/2.4.48 (Ubuntu) OpenSSL/1.1.1l (internal dummy connection)"
::1 - - [14/May/2022:03:42:44 +0200] "OPTIONS * HTTP/1.0" 200 126 "-" "Apache/2.4.48 (Ubuntu) OpenSSL/1.1.1l (internal dummy connection)"
::1 - - [14/May/2022:03:42:45 +0200] "OPTIONS * HTTP/1.0" 200 126 "-" "Apache/2.4.48 (Ubuntu) OpenSSL/1.1.1l (internal dummy connection)"
::1 - - [14/May/2022:09:21:34 +0200] "OPTIONS * HTTP/1.0" 200 126 "-" "Apache/2.4.48 (Ubuntu) OpenSSL/1.1.1l (internal dummy connection)"
::1 - - [14/May/2022:10:18:38 +0200] "OPTIONS * HTTP/1.0" 200 126 "-" "Apache/2.4.48 (Ubuntu) OpenSSL/1.1.1l (internal dummy connection)"
::1 - - [14/May/2022:10:20:59 +0200] "OPTIONS * HTTP/1.0" 200 126 "-" "Apache/2.4.48 (Ubuntu) OpenSSL/1.1.1l (internal dummy connection)"
::1 - - [14/May/2022:10:26:23 +0200] "OPTIONS * HTTP/1.0" 200 126 "-" "Apache/2.4.48 (Ubuntu) OpenSSL/1.1.1l (internal dummy connection)"
::1 - - [14/May/2022:11:23:01 +0200] "OPTIONS * HTTP/1.0" 200 126 "-" "Apache/2.4.48 (Ubuntu) OpenSSL/1.1.1l (internal dummy connection)"
::1 - - [15/May/2022:04:16:18 +0200] "OPTIONS * HTTP/1.0" 200 126 "-" "Apache/2.4.48 (Ubuntu) OpenSSL/1.1.1l (internal dummy connection)"
::1 - - [15/May/2022:07:48:38 +0200] "OPTIONS * HTTP/1.0" 200 126 "-" "Apache/2.4.48 (Ubuntu) OpenSSL/1.1.1l (internal dummy connection)"
::1 - - [15/May/2022:17:37:50 +0200] "OPTIONS * HTTP/1.0" 200 126 "-" "Apache/2.4.48 (Ubuntu) OpenSSL/1.1.1l (internal dummy connection)"
::1 - - [15/May/2022:20:50:40 +0200] "OPTIONS * HTTP/1.0" 200 126 "-" "Apache/2.4.48 (Ubuntu) OpenSSL/1.1.1l (internal dummy connection)"
::1 - - [15/May/2022:20:50:41 +0200] "OPTIONS * HTTP/1.0" 200 126 "-" "Apache/2.4.48 (Ubuntu) OpenSSL/1.1.1l (internal dummy connection)"
::1 - - [15/May/2022:20:50:42 +0200] "OPTIONS * HTTP/1.0" 200 126 "-" "Apache/2.4.48 (Ubuntu) OpenSSL/1.1.1l (internal dummy connection)"
::1 - - [15/May/2022:20:50:43 +0200] "OPTIONS * HTTP/1.0" 200 126 "-" "Apache/2.4.48 (Ubuntu) OpenSSL/1.1.1l (internal dummy connection)"
::1 - - [15/May/2022:20:50:44 +0200] "OPTIONS * HTTP/1.0" 200 126 "-" "Apache/2.4.48 (Ubuntu) OpenSSL/1.1.1l (internal dummy connection)"
::1 - - [15/May/2022:20:50:45 +0200] "OPTIONS * HTTP/1.0" 200 126 "-" "Apache/2.4.48 (Ubuntu) OpenSSL/1.1.1l (internal dummy connection)"
::1 - - [15/May/2022:20:50:46 +0200] "OPTIONS * HTTP/1.0" 200 126 "-" "Apache/2.4.48 (Ubuntu) OpenSSL/1.1.1l (internal dummy connection)"
::1 - - [15/May/2022:20:50:47 +0200] "OPTIONS * HTTP/1.0" 200 126 "-" "Apache/2.4.48 (Ubuntu) OpenSSL/1.1.1l (internal dummy connection)"
::1 - - [15/May/2022:20:50:48 +0200] "OPTIONS * HTTP/1.0" 200 126 "-" "Apache/2.4.48 (Ubuntu) OpenSSL/1.1.1l (internal dummy connection)"
::1 - - [15/May/2022:20:50:49 +0200] "OPTIONS * HTTP/1.0" 200 126 "-" "Apache/2.4.48 (Ubuntu) OpenSSL/1.1.1l (internal dummy connection)"
::1 - - [15/May/2022:20:50:50 +0200] "OPTIONS * HTTP/1.0" 200 126 "-" "Apache/2.4.48 (Ubuntu) OpenSSL/1.1.1l (internal dummy connection)"
::1 - - [15/May/2022:20:50:51 +0200] "OPTIONS * HTTP/1.0" 200 126 "-" "Apache/2.4.48 (Ubuntu) OpenSSL/1.1.1l (internal dummy connection)"
::1 - - [15/May/2022:20:50:52 +0200] "OPTIONS * HTTP/1.0" 200 126 "-" "Apache/2.4.48 (Ubuntu) OpenSSL/1.1.1l (internal dummy connection)"
::1 - - [15/May/2022:20:50:53 +0200] "OPTIONS * HTTP/1.0" 200 126 "-" "Apache/2.4.48 (Ubuntu) OpenSSL/1.1.1l (internal dummy connection)"
::1 - - [15/May/2022:20:50:54 +0200] "OPTIONS * HTTP/1.0" 200 126 "-" "Apache/2.4.48 (Ubuntu) OpenSSL/1.1.1l (internal dummy connection)"
::1 - - [15/May/2022:20:50:55 +0200] "OPTIONS * HTTP/1.0" 200 126 "-" "Apache/2.4.48 (Ubuntu) OpenSSL/1.1.1l (internal dummy connection)"
::1 - - [15/May/2022:20:50:56 +0200] "OPTIONS * HTTP/1.0" 200 126 "-" "Apache/2.4.48 (Ubuntu) OpenSSL/1.1.1l (internal dummy connection)"
::1 - - [15/May/2022:20:50:57 +0200] "OPTIONS * HTTP/1.0" 200 126 "-" "Apache/2.4.48 (Ubuntu) OpenSSL/1.1.1l (internal dummy connection)"
::1 - - [15/May/2022:20:50:58 +0200] "OPTIONS * HTTP/1.0" 200 126 "-" "Apache/2.4.48 (Ubuntu) OpenSSL/1.1.1l (internal dummy connection)"
::1 - - [15/May/2022:20:50:59 +0200] "OPTIONS * HTTP/1.0" 200 126 "-" "Apache/2.4.48 (Ubuntu) OpenSSL/1.1.1l (internal dummy connection)"
::1 - - [15/May/2022:20:51:00 +0200] "OPTIONS * HTTP/1.0" 200 126 "-" "Apache/2.4.48 (Ubuntu) OpenSSL/1.1.1l (internal dummy connection)"
::1 - - [15/May/2022:20:51:01 +0200] "OPTIONS * HTTP/1.0" 200 126 "-" "Apache/2.4.48 (Ubuntu) OpenSSL/1.1.1l (internal dummy connection)"
::1 - - [15/May/2022:20:51:02 +0200] "OPTIONS * HTTP/1.0" 200 126 "-" "Apache/2.4.48 (Ubuntu) OpenSSL/1.1.1l (internal dummy connection)"
::1 - - [15/May/2022:20:51:03 +0200] "OPTIONS * HTTP/1.0" 200 126 "-" "Apache/2.4.48 (Ubuntu) OpenSSL/1.1.1l (internal dummy connection)"
::1 - - [15/May/2022:20:51:04 +0200] "OPTIONS * HTTP/1.0" 200 126 "-" "Apache/2.4.48 (Ubuntu) OpenSSL/1.1.1l (internal dummy connection)"
::1 - - [15/May/2022:20:51:05 +0200] "OPTIONS * HTTP/1.0" 200 126 "-" "Apache/2.4.48 (Ubuntu) OpenSSL/1.1.1l (internal dummy connection)"
::1 - - [15/May/2022:20:51:06 +0200] "OPTIONS * HTTP/1.0" 200 126 "-" "Apache/2.4.48 (Ubuntu) OpenSSL/1.1.1l (internal dummy connection)"
::1 - - [15/May/2022:20:51:07 +0200] "OPTIONS * HTTP/1.0" 200 126 "-" "Apache/2.4.48 (Ubuntu) OpenSSL/1.1.1l (internal dummy connection)"
::1 - - [15/May/2022:20:51:08 +0200] "OPTIONS * HTTP/1.0" 200 126 "-" "Apache/2.4.48 (Ubuntu) OpenSSL/1.1.1l (internal dummy connection)"
::1 - - [15/May/2022:20:51:09 +0200] "OPTIONS * HTTP/1.0" 200 126 "-" "Apache/2.4.48 (Ubuntu) OpenSSL/1.1.1l (internal dummy connection)"
::1 - - [15/May/2022:20:51:10 +0200] "OPTIONS * HTTP/1.0" 200 126 "-" "Apache/2.4.48 (Ubuntu) OpenSSL/1.1.1l (internal dummy connection)"
::1 - - [15/May/2022:20:51:11 +0200] "OPTIONS * HTTP/1.0" 200 126 "-" "Apache/2.4.48 (Ubuntu) OpenSSL/1.1.1l (internal dummy connection)"
::1 - - [15/May/2022:20:51:12 +0200] "OPTIONS * HTTP/1.0" 200 126 "-" "Apache/2.4.48 (Ubuntu) OpenSSL/1.1.1l (internal dummy connection)"
::1 - - [15/May/2022:20:51:13 +0200] "OPTIONS * HTTP/1.0" 200 126 "-" "Apache/2.4.48 (Ubuntu) OpenSSL/1.1.1l (internal dummy connection)"
::1 - - [15/May/2022:20:51:14 +0200] "OPTIONS * HTTP/1.0" 200 126 "-" "Apache/2.4.48 (Ubuntu) OpenSSL/1.1.1l (internal dummy connection)"
::1 - - [15/May/2022:20:51:15 +0200] "OPTIONS * HTTP/1.0" 200 126 "-" "Apache/2.4.48 (Ubuntu) OpenSSL/1.1.1l (internal dummy connection)"
::1 - - [15/May/2022:20:51:16 +0200] "OPTIONS * HTTP/1.0" 200 126 "-" "Apache/2.4.48 (Ubuntu) OpenSSL/1.1.1l (internal dummy connection)"
::1 - - [15/May/2022:20:51:17 +0200] "OPTIONS * HTTP/1.0" 200 126 "-" "Apache/2.4.48 (Ubuntu) OpenSSL/1.1.1l (internal dummy connection)"
::1 - - [15/May/2022:20:51:18 +0200] "OPTIONS * HTTP/1.0" 200 126 "-" "Apache/2.4.48 (Ubuntu) OpenSSL/1.1.1l (internal dummy connection)"
::1 - - [15/May/2022:20:51:19 +0200] "OPTIONS * HTTP/1.0" 200 126 "-" "Apache/2.4.48 (Ubuntu) OpenSSL/1.1.1l (internal dummy connection)"
::1 - - [15/May/2022:20:51:20 +0200] "OPTIONS * HTTP/1.0" 200 126 "-" "Apache/2.4.48 (Ubuntu) OpenSSL/1.1.1l (internal dummy connection)"
::1 - - [15/May/2022:20:51:21 +0200] "OPTIONS * HTTP/1.0" 200 126 "-" "Apache/2.4.48 (Ubuntu) OpenSSL/1.1.1l (internal dummy connection)"
::1 - - [15/May/2022:20:51:22 +0200] "OPTIONS * HTTP/1.0" 200 126 "-" "Apache/2.4.48 (Ubuntu) OpenSSL/1.1.1l (internal dummy connection)"
::1 - - [15/May/2022:20:51:23 +0200] "OPTIONS * HTTP/1.0" 200 126 "-" "Apache/2.4.48 (Ubuntu) OpenSSL/1.1.1l (internal dummy connection)"
::1 - - [15/May/2022:20:51:24 +0200] "OPTIONS * HTTP/1.0" 200 126 "-" "Apache/2.4.48 (Ubuntu) OpenSSL/1.1.1l (internal dummy connection)"
::1 - - [15/May/2022:20:51:25 +0200] "OPTIONS * HTTP/1.0" 200 126 "-" "Apache/2.4.48 (Ubuntu) OpenSSL/1.1.1l (internal dummy connection)"
::1 - - [15/May/2022:20:51:26 +0200] "OPTIONS * HTTP/1.0" 200 126 "-" "Apache/2.4.48 (Ubuntu) OpenSSL/1.1.1l (internal dummy connection)"
::1 - - [15/May/2022:20:51:27 +0200] "OPTIONS * HTTP/1.0" 200 126 "-" "Apache/2.4.48 (Ubuntu) OpenSSL/1.1.1l (internal dummy connection)"
::1 - - [15/May/2022:20:51:28 +0200] "OPTIONS * HTTP/1.0" 200 126 "-" "Apache/2.4.48 (Ubuntu) OpenSSL/1.1.1l (internal dummy connection)"
::1 - - [15/May/2022:20:51:29 +0200] "OPTIONS * HTTP/1.0" 200 126 "-" "Apache/2.4.48 (Ubuntu) OpenSSL/1.1.1l (internal dummy connection)"
::1 - - [15/May/2022:20:51:30 +0200] "OPTIONS * HTTP/1.0" 200 126 "-" "Apache/2.4.48 (Ubuntu) OpenSSL/1.1.1l (internal dummy connection)"
::1 - - [15/May/2022:20:51:31 +0200] "OPTIONS * HTTP/1.0" 200 126 "-" "Apache/2.4.48 (Ubuntu) OpenSSL/1.1.1l (internal dummy connection)"
::1 - - [15/May/2022:20:51:32 +0200] "OPTIONS * HTTP/1.0" 200 126 "-" "Apache/2.4.48 (Ubuntu) OpenSSL/1.1.1l (internal dummy connection)"
::1 - - [15/May/2022:20:51:33 +0200] "OPTIONS * HTTP/1.0" 200 126 "-" "Apache/2.4.48 (Ubuntu) OpenSSL/1.1.1l (internal dummy connection)"
::1 - - [15/May/2022:20:51:34 +0200] "OPTIONS * HTTP/1.0" 200 126 "-" "Apache/2.4.48 (Ubuntu) OpenSSL/1.1.1l (internal dummy connection)"
::1 - - [15/May/2022:20:51:35 +0200] "OPTIONS * HTTP/1.0" 200 126 "-" "Apache/2.4.48 (Ubuntu) OpenSSL/1.1.1l (internal dummy connection)"
::1 - - [15/May/2022:20:51:36 +0200] "OPTIONS * HTTP/1.0" 200 126 "-" "Apache/2.4.48 (Ubuntu) OpenSSL/1.1.1l (internal dummy connection)"
::1 - - [15/May/2022:20:51:37 +0200] "OPTIONS * HTTP/1.0" 200 126 "-" "Apache/2.4.48 (Ubuntu) OpenSSL/1.1.1l (internal dummy connection)"
::1 - - [15/May/2022:20:51:38 +0200] "OPTIONS * HTTP/1.0" 200 126 "-" "Apache/2.4.48 (Ubuntu) OpenSSL/1.1.1l (internal dummy connection)"
::1 - - [15/May/2022:20:51:39 +0200] "OPTIONS * HTTP/1.0" 200 126 "-" "Apache/2.4.48 (Ubuntu) OpenSSL/1.1.1l (internal dummy connection)"
::1 - - [15/May/2022:20:51:40 +0200] "OPTIONS * HTTP/1.0" 200 126 "-" "Apache/2.4.48 (Ubuntu) OpenSSL/1.1.1l (internal dummy connection)"
::1 - - [15/May/2022:20:51:41 +0200] "OPTIONS * HTTP/1.0" 200 126 "-" "Apache/2.4.48 (Ubuntu) OpenSSL/1.1.1l (internal dummy connection)"
::1 - - [15/May/2022:20:51:42 +0200] "OPTIONS * HTTP/1.0" 200 126 "-" "Apache/2.4.48 (Ubuntu) OpenSSL/1.1.1l (internal dummy connection)"
::1 - - [15/May/2022:20:51:43 +0200] "OPTIONS * HTTP/1.0" 200 126 "-" "Apache/2.4.48 (Ubuntu) OpenSSL/1.1.1l (internal dummy connection)"
::1 - - [15/May/2022:21:07:21 +0200] "OPTIONS * HTTP/1.0" 200 126 "-" "Apache/2.4.48 (Ubuntu) OpenSSL/1.1.1l (internal dummy connection)"
::1 - - [15/May/2022:21:07:22 +0200] "OPTIONS * HTTP/1.0" 200 126 "-" "Apache/2.4.48 (Ubuntu) OpenSSL/1.1.1l (internal dummy connection)"
::1 - - [15/May/2022:21:07:23 +0200] "OPTIONS * HTTP/1.0" 200 126 "-" "Apache/2.4.48 (Ubuntu) OpenSSL/1.1.1l (internal dummy connection)"
::1 - - [15/May/2022:21:07:24 +0200] "OPTIONS * HTTP/1.0" 200 126 "-" "Apache/2.4.48 (Ubuntu) OpenSSL/1.1.1l (internal dummy connection)"
::1 - - [15/May/2022:21:07:25 +0200] "OPTIONS * HTTP/1.0" 200 126 "-" "Apache/2.4.48 (Ubuntu) OpenSSL/1.1.1l (internal dummy connection)"
::1 - - [15/May/2022:21:07:26 +0200] "OPTIONS * HTTP/1.0" 200 126 "-" "Apache/2.4.48 (Ubuntu) OpenSSL/1.1.1l (internal dummy connection)"
::1 - - [15/May/2022:21:07:28 +0200] "OPTIONS * HTTP/1.0" 200 126 "-" "Apache/2.4.48 (Ubuntu) OpenSSL/1.1.1l (internal dummy connection)"
::1 - - [15/May/2022:21:07:29 +0200] "OPTIONS * HTTP/1.0" 200 126 "-" "Apache/2.4.48 (Ubuntu) OpenSSL/1.1.1l (internal dummy connection)"
::1 - - [15/May/2022:21:07:30 +0200] "OPTIONS * HTTP/1.0" 200 126 "-" "Apache/2.4.48 (Ubuntu) OpenSSL/1.1.1l (internal dummy connection)"
::1 - - [15/May/2022:21:07:31 +0200] "OPTIONS * HTTP/1.0" 200 126 "-" "Apache/2.4.48 (Ubuntu) OpenSSL/1.1.1l (internal dummy connection)"
::1 - - [15/May/2022:21:07:32 +0200] "OPTIONS * HTTP/1.0" 200 126 "-" "Apache/2.4.48 (Ubuntu) OpenSSL/1.1.1l (internal dummy connection)"
::1 - - [15/May/2022:21:07:33 +0200] "OPTIONS * HTTP/1.0" 200 126 "-" "Apache/2.4.48 (Ubuntu) OpenSSL/1.1.1l (internal dummy connection)"
::1 - - [15/May/2022:21:07:34 +0200] "OPTIONS * HTTP/1.0" 200 126 "-" "Apache/2.4.48 (Ubuntu) OpenSSL/1.1.1l (internal dummy connection)"
::1 - - [15/May/2022:21:07:35 +0200] "OPTIONS * HTTP/1.0" 200 126 "-" "Apache/2.4.48 (Ubuntu) OpenSSL/1.1.1l (internal dummy connection)"
::1 - - [15/May/2022:21:07:36 +0200] "OPTIONS * HTTP/1.0" 200 126 "-" "Apache/2.4.48 (Ubuntu) OpenSSL/1.1.1l (internal dummy connection)"
::1 - - [15/May/2022:21:07:37 +0200] "OPTIONS * HTTP/1.0" 200 126 "-" "Apache/2.4.48 (Ubuntu) OpenSSL/1.1.1l (internal dummy connection)"
::1 - - [15/May/2022:21:07:38 +0200] "OPTIONS * HTTP/1.0" 200 126 "-" "Apache/2.4.48 (Ubuntu) OpenSSL/1.1.1l (internal dummy connection)"
::1 - - [15/May/2022:21:07:39 +0200] "OPTIONS * HTTP/1.0" 200 126 "-" "Apache/2.4.48 (Ubuntu) OpenSSL/1.1.1l (internal dummy connection)"
::1 - - [15/May/2022:21:07:40 +0200] "OPTIONS * HTTP/1.0" 200 126 "-" "Apache/2.4.48 (Ubuntu) OpenSSL/1.1.1l (internal dummy connection)"
::1 - - [15/May/2022:21:07:41 +0200] "OPTIONS * HTTP/1.0" 200 126 "-" "Apache/2.4.48 (Ubuntu) OpenSSL/1.1.1l (internal dummy connection)"
::1 - - [15/May/2022:21:07:42 +0200] "OPTIONS * HTTP/1.0" 200 126 "-" "Apache/2.4.48 (Ubuntu) OpenSSL/1.1.1l (internal dummy connection)"
::1 - - [15/May/2022:21:07:43 +0200] "OPTIONS * HTTP/1.0" 200 126 "-" "Apache/2.4.48 (Ubuntu) OpenSSL/1.1.1l (internal dummy connection)"
::1 - - [15/May/2022:21:07:44 +0200] "OPTIONS * HTTP/1.0" 200 126 "-" "Apache/2.4.48 (Ubuntu) OpenSSL/1.1.1l (internal dummy connection)"
::1 - - [15/May/2022:21:07:45 +0200] "OPTIONS * HTTP/1.0" 200 126 "-" "Apache/2.4.48 (Ubuntu) OpenSSL/1.1.1l (internal dummy connection)"
::1 - - [15/May/2022:21:07:46 +0200] "OPTIONS * HTTP/1.0" 200 126 "-" "Apache/2.4.48 (Ubuntu) OpenSSL/1.1.1l (internal dummy connection)"
::1 - - [15/May/2022:21:07:47 +0200] "OPTIONS * HTTP/1.0" 200 126 "-" "Apache/2.4.48 (Ubuntu) OpenSSL/1.1.1l (internal dummy connection)"
::1 - - [15/May/2022:21:07:48 +0200] "OPTIONS * HTTP/1.0" 200 126 "-" "Apache/2.4.48 (Ubuntu) OpenSSL/1.1.1l (internal dummy connection)"
::1 - - [15/May/2022:21:07:49 +0200] "OPTIONS * HTTP/1.0" 200 126 "-" "Apache/2.4.48 (Ubuntu) OpenSSL/1.1.1l (internal dummy connection)"
::1 - - [15/May/2022:21:07:50 +0200] "OPTIONS * HTTP/1.0" 200 126 "-" "Apache/2.4.48 (Ubuntu) OpenSSL/1.1.1l (internal dummy connection)"
::1 - - [15/May/2022:21:07:51 +0200] "OPTIONS * HTTP/1.0" 200 126 "-" "Apache/2.4.48 (Ubuntu) OpenSSL/1.1.1l (internal dummy connection)"
::1 - - [15/May/2022:21:07:52 +0200] "OPTIONS * HTTP/1.0" 200 126 "-" "Apache/2.4.48 (Ubuntu) OpenSSL/1.1.1l (internal dummy connection)"
::1 - - [15/May/2022:21:07:53 +0200] "OPTIONS * HTTP/1.0" 200 126 "-" "Apache/2.4.48 (Ubuntu) OpenSSL/1.1.1l (internal dummy connection)"
::1 - - [15/May/2022:21:07:54 +0200] "OPTIONS * HTTP/1.0" 200 126 "-" "Apache/2.4.48 (Ubuntu) OpenSSL/1.1.1l (internal dummy connection)"
::1 - - [15/May/2022:21:07:55 +0200] "OPTIONS * HTTP/1.0" 200 126 "-" "Apache/2.4.48 (Ubuntu) OpenSSL/1.1.1l (internal dummy connection)"
::1 - - [15/May/2022:21:07:56 +0200] "OPTIONS * HTTP/1.0" 200 126 "-" "Apache/2.4.48 (Ubuntu) OpenSSL/1.1.1l (internal dummy connection)"
::1 - - [15/May/2022:21:07:57 +0200] "OPTIONS * HTTP/1.0" 200 126 "-" "Apache/2.4.48 (Ubuntu) OpenSSL/1.1.1l (internal dummy connection)"
::1 - - [15/May/2022:21:07:58 +0200] "OPTIONS * HTTP/1.0" 200 126 "-" "Apache/2.4.48 (Ubuntu) OpenSSL/1.1.1l (internal dummy connection)"
::1 - - [15/May/2022:21:07:59 +0200] "OPTIONS * HTTP/1.0" 200 126 "-" "Apache/2.4.48 (Ubuntu) OpenSSL/1.1.1l (internal dummy connection)"
::1 - - [15/May/2022:21:08:00 +0200] "OPTIONS * HTTP/1.0" 200 126 "-" "Apache/2.4.48 (Ubuntu) OpenSSL/1.1.1l (internal dummy connection)"
::1 - - [15/May/2022:21:08:01 +0200] "OPTIONS * HTTP/1.0" 200 126 "-" "Apache/2.4.48 (Ubuntu) OpenSSL/1.1.1l (internal dummy connection)"
::1 - - [15/May/2022:21:08:02 +0200] "OPTIONS * HTTP/1.0" 200 126 "-" "Apache/2.4.48 (Ubuntu) OpenSSL/1.1.1l (internal dummy connection)"
::1 - - [15/May/2022:21:08:03 +0200] "OPTIONS * HTTP/1.0" 200 126 "-" "Apache/2.4.48 (Ubuntu) OpenSSL/1.1.1l (internal dummy connection)"
::1 - - [15/May/2022:21:08:04 +0200] "OPTIONS * HTTP/1.0" 200 126 "-" "Apache/2.4.48 (Ubuntu) OpenSSL/1.1.1l (internal dummy connection)"
::1 - - [15/May/2022:21:08:05 +0200] "OPTIONS * HTTP/1.0" 200 126 "-" "Apache/2.4.48 (Ubuntu) OpenSSL/1.1.1l (internal dummy connection)"
::1 - - [15/May/2022:21:08:06 +0200] "OPTIONS * HTTP/1.0" 200 126 "-" "Apache/2.4.48 (Ubuntu) OpenSSL/1.1.1l (internal dummy connection)"
::1 - - [15/May/2022:21:08:07 +0200] "OPTIONS * HTTP/1.0" 200 126 "-" "Apache/2.4.48 (Ubuntu) OpenSSL/1.1.1l (internal dummy connection)"
::1 - - [15/May/2022:21:08:08 +0200] "OPTIONS * HTTP/1.0" 200 126 "-" "Apache/2.4.48 (Ubuntu) OpenSSL/1.1.1l (internal dummy connection)"
::1 - - [15/May/2022:21:08:09 +0200] "OPTIONS * HTTP/1.0" 200 126 "-" "Apache/2.4.48 (Ubuntu) OpenSSL/1.1.1l (internal dummy connection)"
::1 - - [15/May/2022:21:08:10 +0200] "OPTIONS * HTTP/1.0" 200 126 "-" "Apache/2.4.48 (Ubuntu) OpenSSL/1.1.1l (internal dummy connection)"
::1 - - [15/May/2022:21:08:11 +0200] "OPTIONS * HTTP/1.0" 200 126 "-" "Apache/2.4.48 (Ubuntu) OpenSSL/1.1.1l (internal dummy connection)"
::1 - - [15/May/2022:21:08:12 +0200] "OPTIONS * HTTP/1.0" 200 126 "-" "Apache/2.4.48 (Ubuntu) OpenSSL/1.1.1l (internal dummy connection)"
::1 - - [15/May/2022:21:08:13 +0200] "OPTIONS * HTTP/1.0" 200 126 "-" "Apache/2.4.48 (Ubuntu) OpenSSL/1.1.1l (internal dummy connection)"
::1 - - [15/May/2022:21:08:14 +0200] "OPTIONS * HTTP/1.0" 200 126 "-" "Apache/2.4.48 (Ubuntu) OpenSSL/1.1.1l (internal dummy connection)"
::1 - - [15/May/2022:21:08:15 +0200] "OPTIONS * HTTP/1.0" 200 126 "-" "Apache/2.4.48 (Ubuntu) OpenSSL/1.1.1l (internal dummy connection)"
::1 - - [15/May/2022:21:08:16 +0200] "OPTIONS * HTTP/1.0" 200 126 "-" "Apache/2.4.48 (Ubuntu) OpenSSL/1.1.1l (internal dummy connection)"
::1 - - [15/May/2022:21:08:17 +0200] "OPTIONS * HTTP/1.0" 200 126 "-" "Apache/2.4.48 (Ubuntu) OpenSSL/1.1.1l (internal dummy connection)"
::1 - - [15/May/2022:21:08:18 +0200] "OPTIONS * HTTP/1.0" 200 126 "-" "Apache/2.4.48 (Ubuntu) OpenSSL/1.1.1l (internal dummy connection)"
::1 - - [15/May/2022:21:08:19 +0200] "OPTIONS * HTTP/1.0" 200 126 "-" "Apache/2.4.48 (Ubuntu) OpenSSL/1.1.1l (internal dummy connection)"
::1 - - [15/May/2022:21:08:20 +0200] "OPTIONS * HTTP/1.0" 200 126 "-" "Apache/2.4.48 (Ubuntu) OpenSSL/1.1.1l (internal dummy connection)"
::1 - - [15/May/2022:21:08:21 +0200] "OPTIONS * HTTP/1.0" 200 126 "-" "Apache/2.4.48 (Ubuntu) OpenSSL/1.1.1l (internal dummy connection)"
::1 - - [15/May/2022:21:08:22 +0200] "OPTIONS * HTTP/1.0" 200 126 "-" "Apache/2.4.48 (Ubuntu) OpenSSL/1.1.1l (internal dummy connection)"
::1 - - [15/May/2022:21:08:23 +0200] "OPTIONS * HTTP/1.0" 200 126 "-" "Apache/2.4.48 (Ubuntu) OpenSSL/1.1.1l (internal dummy connection)"
::1 - - [15/May/2022:21:09:44 +0200] "OPTIONS * HTTP/1.0" 200 126 "-" "Apache/2.4.48 (Ubuntu) OpenSSL/1.1.1l (internal dummy connection)"
::1 - - [15/May/2022:21:09:49 +0200] "OPTIONS * HTTP/1.0" 200 126 "-" "Apache/2.4.48 (Ubuntu) OpenSSL/1.1.1l (internal dummy connection)"
::1 - - [15/May/2022:22:38:17 +0200] "OPTIONS * HTTP/1.0" 200 126 "-" "Apache/2.4.48 (Ubuntu) OpenSSL/1.1.1l (internal dummy connection)"
::1 - - [15/May/2022:22:38:24 +0200] "OPTIONS * HTTP/1.0" 200 126 "-" "Apache/2.4.48 (Ubuntu) OpenSSL/1.1.1l (internal dummy connection)"
::1 - - [15/May/2022:22:38:31 +0200] "OPTIONS * HTTP/1.0" 200 126 "-" "Apache/2.4.48 (Ubuntu) OpenSSL/1.1.1l (internal dummy connection)"
::1 - - [16/May/2022:06:59:50 +0200] "OPTIONS * HTTP/1.0" 200 126 "-" "Apache/2.4.48 (Ubuntu) OpenSSL/1.1.1l (internal dummy connection)"
::1 - - [16/May/2022:06:59:54 +0200] "OPTIONS * HTTP/1.0" 200 126 "-" "Apache/2.4.48 (Ubuntu) OpenSSL/1.1.1l (internal dummy connection)"
::1 - - [16/May/2022:06:59:57 +0200] "OPTIONS * HTTP/1.0" 200 126 "-" "Apache/2.4.48 (Ubuntu) OpenSSL/1.1.1l (internal dummy connection)"
::1 - - [16/May/2022:07:35:30 +0200] "OPTIONS * HTTP/1.0" 200 126 "-" "Apache/2.4.48 (Ubuntu) OpenSSL/1.1.1l (internal dummy connection)"
::1 - - [16/May/2022:10:55:39 +0200] "OPTIONS * HTTP/1.0" 200 126 "-" "Apache/2.4.48 (Ubuntu) OpenSSL/1.1.1l (internal dummy connection)"
::1 - - [16/May/2022:12:42:43 +0200] "OPTIONS * HTTP/1.0" 200 126 "-" "Apache/2.4.48 (Ubuntu) OpenSSL/1.1.1l (internal dummy connection)"
::1 - - [17/May/2022:07:15:41 +0200] "OPTIONS * HTTP/1.0" 200 126 "-" "Apache/2.4.48 (Ubuntu) OpenSSL/1.1.1l (internal dummy connection)"
::1 - - [17/May/2022:07:15:42 +0200] "OPTIONS * HTTP/1.0" 200 126 "-" "Apache/2.4.48 (Ubuntu) OpenSSL/1.1.1l (internal dummy connection)"
::1 - - [17/May/2022:08:11:00 +0200] "OPTIONS * HTTP/1.0" 200 126 "-" "Apache/2.4.48 (Ubuntu) OpenSSL/1.1.1l (internal dummy connection)"
::1 - - [17/May/2022:08:49:12 +0200] "OPTIONS * HTTP/1.0" 200 126 "-" "Apache/2.4.48 (Ubuntu) OpenSSL/1.1.1l (internal dummy connection)"
::1 - - [17/May/2022:08:49:13 +0200] "OPTIONS * HTTP/1.0" 200 126 "-" "Apache/2.4.48 (Ubuntu) OpenSSL/1.1.1l (internal dummy connection)"
::1 - - [17/May/2022:08:49:14 +0200] "OPTIONS * HTTP/1.0" 200 126 "-" "Apache/2.4.48 (Ubuntu) OpenSSL/1.1.1l (internal dummy connection)"
::1 - - [18/May/2022:00:21:56 +0200] "OPTIONS * HTTP/1.0" 200 126 "-" "Apache/2.4.48 (Ubuntu) OpenSSL/1.1.1l (internal dummy connection)"
::1 - - [18/May/2022:00:21:57 +0200] "OPTIONS * HTTP/1.0" 200 126 "-" "Apache/2.4.48 (Ubuntu) OpenSSL/1.1.1l (internal dummy connection)"
::1 - - [18/May/2022:00:21:58 +0200] "OPTIONS * HTTP/1.0" 200 126 "-" "Apache/2.4.48 (Ubuntu) OpenSSL/1.1.1l (internal dummy connection)"
::1 - - [18/May/2022:00:21:59 +0200] "OPTIONS * HTTP/1.0" 200 126 "-" "Apache/2.4.48 (Ubuntu) OpenSSL/1.1.1l (internal dummy connection)"
::1 - - [18/May/2022:00:22:00 +0200] "OPTIONS * HTTP/1.0" 200 126 "-" "Apache/2.4.48 (Ubuntu) OpenSSL/1.1.1l (internal dummy connection)"
::1 - - [18/May/2022:00:22:01 +0200] "OPTIONS * HTTP/1.0" 200 126 "-" "Apache/2.4.48 (Ubuntu) OpenSSL/1.1.1l (internal dummy connection)"
::1 - - [18/May/2022:00:22:02 +0200] "OPTIONS * HTTP/1.0" 200 126 "-" "Apache/2.4.48 (Ubuntu) OpenSSL/1.1.1l (internal dummy connection)"
::1 - - [18/May/2022:00:22:03 +0200] "OPTIONS * HTTP/1.0" 200 126 "-" "Apache/2.4.48 (Ubuntu) OpenSSL/1.1.1l (internal dummy connection)"
::1 - - [18/May/2022:00:22:04 +0200] "OPTIONS * HTTP/1.0" 200 126 "-" "Apache/2.4.48 (Ubuntu) OpenSSL/1.1.1l (internal dummy connection)"
::1 - - [18/May/2022:00:22:05 +0200] "OPTIONS * HTTP/1.0" 200 126 "-" "Apache/2.4.48 (Ubuntu) OpenSSL/1.1.1l (internal dummy connection)"
::1 - - [18/May/2022:00:22:06 +0200] "OPTIONS * HTTP/1.0" 200 126 "-" "Apache/2.4.48 (Ubuntu) OpenSSL/1.1.1l (internal dummy connection)"
::1 - - [18/May/2022:00:22:07 +0200] "OPTIONS * HTTP/1.0" 200 126 "-" "Apache/2.4.48 (Ubuntu) OpenSSL/1.1.1l (internal dummy connection)"
::1 - - [18/May/2022:00:22:08 +0200] "OPTIONS * HTTP/1.0" 200 126 "-" "Apache/2.4.48 (Ubuntu) OpenSSL/1.1.1l (internal dummy connection)"
::1 - - [18/May/2022:00:22:09 +0200] "OPTIONS * HTTP/1.0" 200 126 "-" "Apache/2.4.48 (Ubuntu) OpenSSL/1.1.1l (internal dummy connection)"
::1 - - [18/May/2022:00:22:10 +0200] "OPTIONS * HTTP/1.0" 200 126 "-" "Apache/2.4.48 (Ubuntu) OpenSSL/1.1.1l (internal dummy connection)"
::1 - - [18/May/2022:00:22:11 +0200] "OPTIONS * HTTP/1.0" 200 126 "-" "Apache/2.4.48 (Ubuntu) OpenSSL/1.1.1l (internal dummy connection)"
::1 - - [18/May/2022:00:22:12 +0200] "OPTIONS * HTTP/1.0" 200 126 "-" "Apache/2.4.48 (Ubuntu) OpenSSL/1.1.1l (internal dummy connection)"
::1 - - [18/May/2022:00:22:13 +0200] "OPTIONS * HTTP/1.0" 200 126 "-" "Apache/2.4.48 (Ubuntu) OpenSSL/1.1.1l (internal dummy connection)"
::1 - - [18/May/2022:00:22:14 +0200] "OPTIONS * HTTP/1.0" 200 126 "-" "Apache/2.4.48 (Ubuntu) OpenSSL/1.1.1l (internal dummy connection)"
::1 - - [18/May/2022:00:22:15 +0200] "OPTIONS * HTTP/1.0" 200 126 "-" "Apache/2.4.48 (Ubuntu) OpenSSL/1.1.1l (internal dummy connection)"
::1 - - [18/May/2022:00:22:16 +0200] "OPTIONS * HTTP/1.0" 200 126 "-" "Apache/2.4.48 (Ubuntu) OpenSSL/1.1.1l (internal dummy connection)"
::1 - - [18/May/2022:00:22:17 +0200] "OPTIONS * HTTP/1.0" 200 126 "-" "Apache/2.4.48 (Ubuntu) OpenSSL/1.1.1l (internal dummy connection)"
::1 - - [18/May/2022:00:22:18 +0200] "OPTIONS * HTTP/1.0" 200 126 "-" "Apache/2.4.48 (Ubuntu) OpenSSL/1.1.1l (internal dummy connection)"
::1 - - [18/May/2022:00:22:19 +0200] "OPTIONS * HTTP/1.0" 200 126 "-" "Apache/2.4.48 (Ubuntu) OpenSSL/1.1.1l (internal dummy connection)"
::1 - - [18/May/2022:00:22:20 +0200] "OPTIONS * HTTP/1.0" 200 126 "-" "Apache/2.4.48 (Ubuntu) OpenSSL/1.1.1l (internal dummy connection)"
::1 - - [18/May/2022:00:22:21 +0200] "OPTIONS * HTTP/1.0" 200 126 "-" "Apache/2.4.48 (Ubuntu) OpenSSL/1.1.1l (internal dummy connection)"
::1 - - [18/May/2022:00:22:22 +0200] "OPTIONS * HTTP/1.0" 200 126 "-" "Apache/2.4.48 (Ubuntu) OpenSSL/1.1.1l (internal dummy connection)"
::1 - - [18/May/2022:00:22:23 +0200] "OPTIONS * HTTP/1.0" 200 126 "-" "Apache/2.4.48 (Ubuntu) OpenSSL/1.1.1l (internal dummy connection)"
::1 - - [18/May/2022:00:22:24 +0200] "OPTIONS * HTTP/1.0" 200 126 "-" "Apache/2.4.48 (Ubuntu) OpenSSL/1.1.1l (internal dummy connection)"
::1 - - [18/May/2022:00:22:25 +0200] "OPTIONS * HTTP/1.0" 200 126 "-" "Apache/2.4.48 (Ubuntu) OpenSSL/1.1.1l (internal dummy connection)"
::1 - - [18/May/2022:00:22:26 +0200] "OPTIONS * HTTP/1.0" 200 126 "-" "Apache/2.4.48 (Ubuntu) OpenSSL/1.1.1l (internal dummy connection)"
::1 - - [18/May/2022:00:22:27 +0200] "OPTIONS * HTTP/1.0" 200 126 "-" "Apache/2.4.48 (Ubuntu) OpenSSL/1.1.1l (internal dummy connection)"
::1 - - [18/May/2022:00:22:28 +0200] "OPTIONS * HTTP/1.0" 200 126 "-" "Apache/2.4.48 (Ubuntu) OpenSSL/1.1.1l (internal dummy connection)"
::1 - - [18/May/2022:00:22:29 +0200] "OPTIONS * HTTP/1.0" 200 126 "-" "Apache/2.4.48 (Ubuntu) OpenSSL/1.1.1l (internal dummy connection)"
::1 - - [18/May/2022:00:22:30 +0200] "OPTIONS * HTTP/1.0" 200 126 "-" "Apache/2.4.48 (Ubuntu) OpenSSL/1.1.1l (internal dummy connection)"
::1 - - [18/May/2022:00:22:31 +0200] "OPTIONS * HTTP/1.0" 200 126 "-" "Apache/2.4.48 (Ubuntu) OpenSSL/1.1.1l (internal dummy connection)"
::1 - - [18/May/2022:00:22:32 +0200] "OPTIONS * HTTP/1.0" 200 126 "-" "Apache/2.4.48 (Ubuntu) OpenSSL/1.1.1l (internal dummy connection)"
::1 - - [18/May/2022:00:22:33 +0200] "OPTIONS * HTTP/1.0" 200 126 "-" "Apache/2.4.48 (Ubuntu) OpenSSL/1.1.1l (internal dummy connection)"
::1 - - [18/May/2022:00:22:34 +0200] "OPTIONS * HTTP/1.0" 200 126 "-" "Apache/2.4.48 (Ubuntu) OpenSSL/1.1.1l (internal dummy connection)"
::1 - - [18/May/2022:00:22:35 +0200] "OPTIONS * HTTP/1.0" 200 126 "-" "Apache/2.4.48 (Ubuntu) OpenSSL/1.1.1l (internal dummy connection)"
::1 - - [18/May/2022:00:22:36 +0200] "OPTIONS * HTTP/1.0" 200 126 "-" "Apache/2.4.48 (Ubuntu) OpenSSL/1.1.1l (internal dummy connection)"
::1 - - [18/May/2022:00:22:37 +0200] "OPTIONS * HTTP/1.0" 200 126 "-" "Apache/2.4.48 (Ubuntu) OpenSSL/1.1.1l (internal dummy connection)"
::1 - - [18/May/2022:00:22:38 +0200] "OPTIONS * HTTP/1.0" 200 126 "-" "Apache/2.4.48 (Ubuntu) OpenSSL/1.1.1l (internal dummy connection)"
::1 - - [18/May/2022:00:22:39 +0200] "OPTIONS * HTTP/1.0" 200 126 "-" "Apache/2.4.48 (Ubuntu) OpenSSL/1.1.1l (internal dummy connection)"
::1 - - [18/May/2022:00:22:40 +0200] "OPTIONS * HTTP/1.0" 200 126 "-" "Apache/2.4.48 (Ubuntu) OpenSSL/1.1.1l (internal dummy connection)"
::1 - - [18/May/2022:00:22:41 +0200] "OPTIONS * HTTP/1.0" 200 126 "-" "Apache/2.4.48 (Ubuntu) OpenSSL/1.1.1l (internal dummy connection)"
::1 - - [18/May/2022:00:22:42 +0200] "OPTIONS * HTTP/1.0" 200 126 "-" "Apache/2.4.48 (Ubuntu) OpenSSL/1.1.1l (internal dummy connection)"
::1 - - [18/May/2022:00:22:43 +0200] "OPTIONS * HTTP/1.0" 200 126 "-" "Apache/2.4.48 (Ubuntu) OpenSSL/1.1.1l (internal dummy connection)"
::1 - - [18/May/2022:00:22:44 +0200] "OPTIONS * HTTP/1.0" 200 126 "-" "Apache/2.4.48 (Ubuntu) OpenSSL/1.1.1l (internal dummy connection)"
::1 - - [18/May/2022:00:22:45 +0200] "OPTIONS * HTTP/1.0" 200 126 "-" "Apache/2.4.48 (Ubuntu) OpenSSL/1.1.1l (internal dummy connection)"
::1 - - [18/May/2022:00:22:46 +0200] "OPTIONS * HTTP/1.0" 200 126 "-" "Apache/2.4.48 (Ubuntu) OpenSSL/1.1.1l (internal dummy connection)"
::1 - - [18/May/2022:00:22:47 +0200] "OPTIONS * HTTP/1.0" 200 126 "-" "Apache/2.4.48 (Ubuntu) OpenSSL/1.1.1l (internal dummy connection)"
::1 - - [18/May/2022:00:22:48 +0200] "OPTIONS * HTTP/1.0" 200 126 "-" "Apache/2.4.48 (Ubuntu) OpenSSL/1.1.1l (internal dummy connection)"
::1 - - [18/May/2022:00:22:49 +0200] "OPTIONS * HTTP/1.0" 200 126 "-" "Apache/2.4.48 (Ubuntu) OpenSSL/1.1.1l (internal dummy connection)"
::1 - - [18/May/2022:00:22:50 +0200] "OPTIONS * HTTP/1.0" 200 126 "-" "Apache/2.4.48 (Ubuntu) OpenSSL/1.1.1l (internal dummy connection)"
::1 - - [18/May/2022:00:22:51 +0200] "OPTIONS * HTTP/1.0" 200 126 "-" "Apache/2.4.48 (Ubuntu) OpenSSL/1.1.1l (internal dummy connection)"
::1 - - [18/May/2022:00:22:52 +0200] "OPTIONS * HTTP/1.0" 200 126 "-" "Apache/2.4.48 (Ubuntu) OpenSSL/1.1.1l (internal dummy connection)"
::1 - - [18/May/2022:00:22:53 +0200] "OPTIONS * HTTP/1.0" 200 126 "-" "Apache/2.4.48 (Ubuntu) OpenSSL/1.1.1l (internal dummy connection)"
::1 - - [18/May/2022:00:22:54 +0200] "OPTIONS * HTTP/1.0" 200 126 "-" "Apache/2.4.48 (Ubuntu) OpenSSL/1.1.1l (internal dummy connection)"
::1 - - [18/May/2022:00:22:55 +0200] "OPTIONS * HTTP/1.0" 200 126 "-" "Apache/2.4.48 (Ubuntu) OpenSSL/1.1.1l (internal dummy connection)"
::1 - - [18/May/2022:00:22:56 +0200] "OPTIONS * HTTP/1.0" 200 126 "-" "Apache/2.4.48 (Ubuntu) OpenSSL/1.1.1l (internal dummy connection)"
::1 - - [18/May/2022:00:22:57 +0200] "OPTIONS * HTTP/1.0" 200 126 "-" "Apache/2.4.48 (Ubuntu) OpenSSL/1.1.1l (internal dummy connection)"
::1 - - [18/May/2022:00:22:58 +0200] "OPTIONS * HTTP/1.0" 200 126 "-" "Apache/2.4.48 (Ubuntu) OpenSSL/1.1.1l (internal dummy connection)"
::1 - - [18/May/2022:00:22:59 +0200] "OPTIONS * HTTP/1.0" 200 126 "-" "Apache/2.4.48 (Ubuntu) OpenSSL/1.1.1l (internal dummy connection)"
::1 - - [18/May/2022:00:23:00 +0200] "OPTIONS * HTTP/1.0" 200 126 "-" "Apache/2.4.48 (Ubuntu) OpenSSL/1.1.1l (internal dummy connection)"
::1 - - [18/May/2022:00:23:01 +0200] "OPTIONS * HTTP/1.0" 200 126 "-" "Apache/2.4.48 (Ubuntu) OpenSSL/1.1.1l (internal dummy connection)"
::1 - - [18/May/2022:00:23:02 +0200] "OPTIONS * HTTP/1.0" 200 126 "-" "Apache/2.4.48 (Ubuntu) OpenSSL/1.1.1l (internal dummy connection)"
::1 - - [18/May/2022:00:23:03 +0200] "OPTIONS * HTTP/1.0" 200 126 "-" "Apache/2.4.48 (Ubuntu) OpenSSL/1.1.1l (internal dummy connection)"
::1 - - [18/May/2022:06:02:29 +0200] "OPTIONS * HTTP/1.0" 200 126 "-" "Apache/2.4.48 (Ubuntu) OpenSSL/1.1.1l (internal dummy connection)"
::1 - - [18/May/2022:07:09:06 +0200] "OPTIONS * HTTP/1.0" 200 126 "-" "Apache/2.4.48 (Ubuntu) OpenSSL/1.1.1l (internal dummy connection)"
::1 - - [18/May/2022:07:10:48 +0200] "OPTIONS * HTTP/1.0" 200 126 "-" "Apache/2.4.48 (Ubuntu) OpenSSL/1.1.1l (internal dummy connection)"
::1 - - [18/May/2022:07:28:00 +0200] "OPTIONS * HTTP/1.0" 200 126 "-" "Apache/2.4.48 (Ubuntu) OpenSSL/1.1.1l (internal dummy connection)"
::1 - - [18/May/2022:07:57:05 +0200] "OPTIONS * HTTP/1.0" 200 126 "-" "Apache/2.4.48 (Ubuntu) OpenSSL/1.1.1l (internal dummy connection)"
::1 - - [18/May/2022:07:57:06 +0200] "OPTIONS * HTTP/1.0" 200 126 "-" "Apache/2.4.48 (Ubuntu) OpenSSL/1.1.1l (internal dummy connection)"
::1 - - [18/May/2022:07:57:09 +0200] "OPTIONS * HTTP/1.0" 200 126 "-" "Apache/2.4.48 (Ubuntu) OpenSSL/1.1.1l (internal dummy connection)"
::1 - - [18/May/2022:08:01:40 +0200] "OPTIONS * HTTP/1.0" 200 126 "-" "Apache/2.4.48 (Ubuntu) OpenSSL/1.1.1l (internal dummy connection)"
::1 - - [18/May/2022:08:03:12 +0200] "OPTIONS * HTTP/1.0" 200 126 "-" "Apache/2.4.48 (Ubuntu) OpenSSL/1.1.1l (internal dummy connection)"
::1 - - [18/May/2022:08:44:29 +0200] "OPTIONS * HTTP/1.0" 200 126 "-" "Apache/2.4.48 (Ubuntu) OpenSSL/1.1.1l (internal dummy connection)"
::1 - - [18/May/2022:11:11:24 +0200] "OPTIONS * HTTP/1.0" 200 126 "-" "Apache/2.4.48 (Ubuntu) OpenSSL/1.1.1l (internal dummy connection)"
